05-03-2023	18:49:14----IdError----613c058d-e778-41db-b5a8-649c28a76b84----/v1/api/----undefined----Not found
05-03-2023	20:49:14----IdError----7c08bc94-ed74-4267-a6d4-b70cf9ea4474----/v1/api/----undefined----Not found
05-03-2023	21:49:14----IdError----ca7defd4-f169-4712-88c7-04d8128fd509----/v1/api/----undefined----Not found
05-03-2023	21:49:14----IdError----d8fdd552-eb33-48d7-b956-73fba56a65fd----/v1/api/----undefined----Not found
05-03-2023	21:49:14----IdError----403e4f31-5c2f-47cf-8298-e4aeaad54e7d----/v1/api/----undefined----Not found
05-03-2023	21:49:14----IdError----ff2a185d-f631-4117-bf88-cbff90e17130----/v1/api/----undefined----Not found
05-03-2023	36:52:14----IdError----54798dca-6695-4657-8008-bd790c548233----/v1/api/----undefined----Internal Server Error
05-03-2023	44:52:14----IdError----8f20e58c-a8fc-4d22-9803-59c0215b6a38----/v1/api/----undefined----Internal Server Error
05-03-2023	45:52:14----IdError----a60aacab-3053-46b5-9328-f3bd21618db5----/v1/api/----undefined----Internal Server Error
05-03-2023	44:57:14----IdError----69382345-e569-48a5-a3d7-ece1bf9bfcae----/v1/api/----undefined----Not found
05-03-2023	33:59:14----IdError----156a1a14-6ec0-4d6f-95eb-758a68e1dde3----/v1/api/----undefined----Not found
05-03-2023	47:06:15----IdError----d812d61c-fb37-4dfd-b0cc-90aa727b33ed----/v1/api/signup----undefined----Not found
05-03-2023	08:07:15----IdError----6448bda2-5cbb-4d07-88be-8a8a2470e6dd----/v1/api//shop/signup----undefined----Not found
05-03-2023	09:07:15----IdError----b75361e3-8f00-4e23-a202-3ade20de4d65----/v1/api//shop/signup----undefined----Not found
05-03-2023	10:07:15----IdError----92d2cfa2-cc21-4039-bdc4-4a2a909ef8be----/v1/api//shop/signup----undefined----Not found
05-03-2023	35:07:15----IdError----b04605d5-76bf-4cf2-a57d-b003e0e92b1f----/v1/api//shop/signup----undefined----Not found
05-03-2023	44:08:15----IdError----2460ef60-0b63-4a41-9bad-a36876ae0499----/v1/api//user/signup----undefined----Not found
05-03-2023	14:09:15----IdError----97edd146-5369-44e4-a7fa-c3a893bde253----/v1/api//user/signup----undefined----Not found
05-03-2023	15:09:15----IdError----5530935b-e2e3-43bf-9f81-b9e53052330c----/v1/api//user/signup----undefined----Not found
05-03-2023	16:09:15----IdError----9850e6a7-d7ca-4bea-99ee-91e5a5b4a781----/v1/api//user/signup----undefined----Not found
05-03-2023	09:10:15----IdError----c4fcbd71-f738-43b4-88d0-762219a6ce24----/v1/api/user/signup----undefined----Not found
05-03-2023	13:10:15----IdError----2e76ec35-e7db-457f-adc5-f5a9b3c945bb----/v1/api/user/signup----undefined----Not found
05-03-2023	14:10:15----IdError----396ded7a-dd7c-4a18-87f5-e04d06d28bdf----/v1/api/user/signup----undefined----Not found
